<?xml version="1.0" encoding="UTF-8"?>
<testng-results ignored="0" total="3" passed="3" failed="0" skipped="0">
  <reporter-output>
  </reporter-output>
  <suite started-at="2024-07-22T00:43:33 SAST" name="Cucumber TestNG Suite" finished-at="2024-07-22T00:44:05 SAST" duration-ms="31767">
    <groups>
      <group name="cucumber">
        <method signature="AbstractTestNGCucumberTests.runScenario(io.cucumber.testng.PickleWrapper,io.cucumber.testng.FeatureWrapper)[pri:0, instance:runners.TestRunner@36fc695d]" name="runScenario" class="io.cucumber.testng.AbstractTestNGCucumberTests"/>
      </group> <!-- cucumber -->
    </groups>
    <test started-at="2024-07-22T00:43:33 SAST" name="Cucumber TestNG Tests" finished-at="2024-07-22T00:44:05 SAST" duration-ms="31767">
      <class name="runners.TestRunner">
        <test-method is-config="true" signature="setUpClass(org.testng.ITestContext)[pri:0, instance:runners.TestRunner@36fc695d]" started-at="2024-07-22T00:43:33 SAST" name="setUpClass" finished-at="2024-07-22T00:43:34 SAST" duration-ms="1008" status="PASS">
          <params>
            <param index="0">
              <value>
                <![CDATA[org.testng.TestRunner@46a145ba]]>
              </value>
            </param>
          </params>
          <reporter-output>
          </reporter-output>
        </test-method> <!-- setUpClass -->
        <test-method is-config="true" signature="setUp(java.lang.String)[pri:0, instance:runners.TestRunner@36fc695d]" started-at="2024-07-22T00:43:34 SAST" name="setUp" finished-at="2024-07-22T00:43:40 SAST" duration-ms="5496" status="PASS">
          <params>
            <param index="0">
              <value>
                <![CDATA[firefox]]>
              </value>
            </param>
          </params>
          <reporter-output>
          </reporter-output>
        </test-method> <!-- setUp -->
        <test-method signature="runScenario(io.cucumber.testng.PickleWrapper,io.cucumber.testng.FeatureWrapper)[pri:0, instance:runners.TestRunner@36fc695d]" started-at="2024-07-22T00:43:40 SAST" name="runScenario" description="Runs Cucumber Scenarios" data-provider="scenarios" finished-at="2024-07-22T00:43:59 SAST" duration-ms="19559" status="PASS">
          <params>
            <param index="0">
              <value>
                <![CDATA["Login"]]>
              </value>
            </param>
            <param index="1">
              <value>
                <![CDATA["login"]]>
              </value>
            </param>
          </params>
          <reporter-output>
          </reporter-output>
        </test-method> <!-- runScenario -->
        <test-method signature="runScenario(io.cucumber.testng.PickleWrapper,io.cucumber.testng.FeatureWrapper)[pri:0, instance:runners.TestRunner@36fc695d]" started-at="2024-07-22T00:43:59 SAST" name="runScenario" description="Runs Cucumber Scenarios" data-provider="scenarios" finished-at="2024-07-22T00:44:01 SAST" duration-ms="2342" status="PASS">
          <params>
            <param index="0">
              <value>
                <![CDATA["Fill out Forms"]]>
              </value>
            </param>
            <param index="1">
              <value>
                <![CDATA["login"]]>
              </value>
            </param>
          </params>
          <reporter-output>
          </reporter-output>
        </test-method> <!-- runScenario -->
        <test-method signature="runScenario(io.cucumber.testng.PickleWrapper,io.cucumber.testng.FeatureWrapper)[pri:0, instance:runners.TestRunner@36fc695d]" started-at="2024-07-22T00:44:01 SAST" name="runScenario" description="Runs Cucumber Scenarios" data-provider="scenarios" finished-at="2024-07-22T00:44:03 SAST" duration-ms="1472" status="PASS">
          <params>
            <param index="0">
              <value>
                <![CDATA["Fake Pricing Page"]]>
              </value>
            </param>
            <param index="1">
              <value>
                <![CDATA["login"]]>
              </value>
            </param>
          </params>
          <reporter-output>
          </reporter-output>
        </test-method> <!-- runScenario -->
        <test-method is-config="true" signature="tearDown()[pri:0, instance:runners.TestRunner@36fc695d]" started-at="2024-07-22T00:44:03 SAST" name="tearDown" finished-at="2024-07-22T00:44:05 SAST" duration-ms="1719" status="PASS">
          <reporter-output>
          </reporter-output>
        </test-method> <!-- tearDown -->
        <test-method is-config="true" signature="tearDownClass()[pri:0, instance:runners.TestRunner@36fc695d]" started-at="2024-07-22T00:44:05 SAST" name="tearDownClass" finished-at="2024-07-22T00:44:05 SAST" duration-ms="48" status="PASS">
          <reporter-output>
          </reporter-output>
        </test-method> <!-- tearDownClass -->
      </class> <!-- runners.TestRunner -->
    </test> <!-- Cucumber TestNG Tests -->
  </suite> <!-- Cucumber TestNG Suite -->
</testng-results>
